Arguments: 
  C:\Program Files\nodejs\node.exe C:\Program Files (x86)\Yarn\bin\yarn.js

PATH: 
  C:\Python311\Scripts\;C:\Python311\;C:\WINDOWS\system32;C:\WINDOWS;C:\WINDOWS\System32\Wbem;C:\WINDOWS\System32\WindowsPowerShell\v1.0\;C:\WINDOWS\System32\OpenSSH\;C:\Program Files\Git\cmd;C:\Program Files\dotnet\;C:\Program Files\Microsoft SQL Server\Client SDK\ODBC\170\Tools\Binn\;C:\Program Files\Microsoft SQL Server\150\Tools\Binn\;C:\ProgramData\chocolatey\bin;C:\Program Files\nodejs\;C:\WINDOWS\system32;C:\WINDOWS;C:\WINDOWS\System32\Wbem;C:\WINDOWS\System32\WindowsPowerShell\v1.0\;C:\WINDOWS\System32\OpenSSH\;C:\Program Files (x86)\Yarn\bin\;C:\Program Files\Cloudflare\Cloudflare WARP\;C:\Users\pahlevan.a\AppData\Local\Microsoft\WindowsApps;;C:\Users\pahlevan.a\AppData\Local\Programs\Microsoft VS Code\bin;C:\Users\pahlevan.a\AppData\Local\Yarn\bin

Yarn version: 
  1.22.19

Node version: 
  18.14.2

Platform: 
  win32 x64

Trace: 
  Error: connect ENETUNREACH 2606:4700::6810:1922:443
      at TCPConnectWrap.afterConnect [as oncomplete] (node:net:1494:16)

npm manifest: 
  {
    "name": "next-app-dashboard",
    "version": "0.1.0",
    "private": true,
    "scripts": {
      "dev": "next dev",
      "build": "next build",
      "start": "next start",
      "lint": "next lint"
    },
    "dependencies": {
      "accept-language": "^3.0.18",
      "i18next": "^23.5.1",
      "i18next-resources-to-backend": "^1.1.4",
      "next": "latest",
      "react": "latest",
      "react-dom": "latest",
      "react-i18next": "^13.2.2"
    },
    "devDependencies": {
      "@types/node": "latest",
      "@types/react": "latest",
      "@types/react-dom": "latest",
      "autoprefixer": "latest",
      "eslint": "latest",
      "eslint-config-next": "latest",
      "postcss": "latest",
      "tailwindcss": "latest",
      "typescript": "latest"
    }
  }

yarn manifest: 
  No manifest

Lockfile: 
  No lockfile
